

Please cite the following paper when using nnUNet:

Isensee, F., Jaeger, P.F., Kohl, S.A.A. et al. "nnU-Net: a self-configuring method for deep learning-based biomedical image segmentation." Nat Methods (2020). https://doi.org/10.1038/s41592-020-01008-z


If you have questions or suggestions, feel free to open an issue at https://github.com/MIC-DKFZ/nnUNet

###############################################
I am running the following nnUNet: 3d_fullres
My trainer class is:  <class 'nnunet.training.network_training.nnUNetTrainerV2.nnUNetTrainerV2'>
For that I will be using the following configuration:
num_classes:  16
modalities:  {0: 'CT'}
use_mask_for_norm OrderedDict([(0, False)])
keep_only_largest_region None
min_region_size_per_class None
min_size_per_class None
normalization_schemes OrderedDict([(0, 'CT')])
stages...

stage:  0
{'batch_size': 2, 'num_pool_per_axis': [5, 5, 5], 'patch_size': array([128, 128, 128]), 'median_patient_size_in_voxels': array([203, 201, 203]), 'current_spacing': array([0.24252709, 0.24221727, 0.24252709]), 'original_spacing': array([0.096133  , 0.09601019, 0.096133  ]), 'do_dummy_2D_data_aug': False, 'pool_op_kernel_sizes': [[2, 2, 2], [2, 2, 2], [2, 2, 2], [2, 2, 2], [2, 2, 2]], 'conv_kernel_sizes': [[3, 3, 3], [3, 3, 3], [3, 3, 3], [3, 3, 3], [3, 3, 3], [3, 3, 3]]}

stage:  1
{'batch_size': 2, 'num_pool_per_axis': [5, 5, 5], 'patch_size': array([128, 128, 128]), 'median_patient_size_in_voxels': array([512, 508, 512]), 'current_spacing': array([0.096133  , 0.09601019, 0.096133  ]), 'original_spacing': array([0.096133  , 0.09601019, 0.096133  ]), 'do_dummy_2D_data_aug': False, 'pool_op_kernel_sizes': [[2, 2, 2], [2, 2, 2], [2, 2, 2], [2, 2, 2], [2, 2, 2]], 'conv_kernel_sizes': [[3, 3, 3], [3, 3, 3], [3, 3, 3], [3, 3, 3], [3, 3, 3], [3, 3, 3]]}

I am using stage 1 from these plans
I am using batch dice + CE loss

I am using data from this folder:  /scratch/groups/rtaylor2/jsad-tbone-segmentation/00_ading/nnUnet/nnUNet_preprocessed/Task101_TemporalBone/nnUNetData_plans_v2.1
###############################################
loading dataset
loading all case properties
unpacking dataset
done
2021-04-06 01:25:17.187291: lr: 0.01
using pin_memory on device 0
